[debug] [2026-04-10T09:08:13.324Z] ----------------------------------------------------------------------
[debug] [2026-04-10T09:08:13.326Z] Command:       /usr/local/bin/node /usr/local/bin/firebase init
[debug] [2026-04-10T09:08:13.326Z] CLI Version:   15.14.0
[debug] [2026-04-10T09:08:13.326Z] Platform:      darwin
[debug] [2026-04-10T09:08:13.327Z] Node Version:  v20.17.0
[debug] [2026-04-10T09:08:13.327Z] Time:          Fri Apr 10 2026 11:08:13 GMT+0200 (Central European Summer Time)
[debug] [2026-04-10T09:08:13.327Z] ----------------------------------------------------------------------
[debug] 
[info] 
     ######## #### ########  ######## ########     ###     ######  ########
     ##        ##  ##     ## ##       ##     ##  ##   ##  ##       ##
     ######    ##  ########  ######   ########  #########  ######  ######
     ##        ##  ##    ##  ##       ##     ## ##     ##       ## ##
     ##       #### ##     ## ######## ########  ##     ##  ######  ########

You're about to initialize a Firebase project in this directory:

  /Users/sofiecrillesen/Desktop/2sempentia

Before we get started, keep in mind:

  * You are initializing within an existing Firebase project directory

[info] 
=== Project Setup
[info] 
[info] First, let's associate this project directory with a Firebase project.
[info] You can create multiple project aliases by running firebase use --add, 
[info] 
[debug] [2026-04-10T09:08:18.396Z] > command requires scopes: ["email","openid","https://www.googleapis.com/auth/cloudplatformprojects.readonly","https://www.googleapis.com/auth/firebase","https://www.googleapis.com/auth/cloud-platform"]
[debug] [2026-04-10T09:08:18.396Z] > authorizing via signed-in user (sofiemcrille@gmail.com)
[debug] [2026-04-10T09:08:18.397Z] Checked if tokens are valid: true, expires at: 1775815403485
[debug] [2026-04-10T09:08:18.397Z] Checked if tokens are valid: true, expires at: 1775815403485
[debug] [2026-04-10T09:08:18.397Z] >>> [apiv2][query] GET https://firebase.googleapis.com/v1beta1/projects/pentia-webdev [none]
[debug] [2026-04-10T09:08:18.777Z] <<< [apiv2][status] GET https://firebase.googleapis.com/v1beta1/projects/pentia-webdev 200
[debug] [2026-04-10T09:08:18.777Z] <<< [apiv2][body] GET https://firebase.googleapis.com/v1beta1/projects/pentia-webdev {"projectId":"pentia-webdev","projectNumber":"159534191107","displayName":"pentia-webdev","name":"projects/pentia-webdev","resources":{"hostingSite":"pentia-webdev"},"state":"ACTIVE","etag":"1_e6fc3802-90e2-4e42-815a-b837065d942b"}
[info] i  Using project pentia-webdev (pentia-webdev) . 
[info] 
=== Hosting Setup
[debug] [2026-04-10T09:08:21.263Z] Error [ERR_REQUIRE_ESM]: require() of ES Module /Users/sofiecrillesen/Desktop/2sempentia/node_modules/vite/dist/node/index.js from /usr/local/lib/node_modules/firebase-tools/lib/frameworks/utils.js not supported.
Instead change the require of index.js in /usr/local/lib/node_modules/firebase-tools/lib/frameworks/utils.js to a dynamic import() which is available in all CommonJS modules.
    at relativeRequire (/usr/local/lib/node_modules/firebase-tools/lib/frameworks/utils.js:224:20)
    at async getConfig (/usr/local/lib/node_modules/firebase-tools/lib/frameworks/vite/index.js:112:31)
    at async discover (/usr/local/lib/node_modules/firebase-tools/lib/frameworks/vite/index.js:65:62)
    at async /usr/local/lib/node_modules/firebase-tools/lib/frameworks/vite/index.js:44:55
    at async discover (/usr/local/lib/node_modules/firebase-tools/lib/frameworks/index.js:50:32)
[error] 
[error] Error: An unexpected error has occurred.
[debug] [2026-04-10T09:08:53.216Z] ----------------------------------------------------------------------
[debug] [2026-04-10T09:08:53.218Z] Command:       /usr/local/bin/node /usr/local/bin/firebase init hosting
[debug] [2026-04-10T09:08:53.218Z] CLI Version:   15.14.0
[debug] [2026-04-10T09:08:53.218Z] Platform:      darwin
[debug] [2026-04-10T09:08:53.218Z] Node Version:  v20.17.0
[debug] [2026-04-10T09:08:53.218Z] Time:          Fri Apr 10 2026 11:08:53 GMT+0200 (Central European Summer Time)
[debug] [2026-04-10T09:08:53.218Z] ----------------------------------------------------------------------
[debug] 
[info] 
     ######## #### ########  ######## ########     ###     ######  ########
     ##        ##  ##     ## ##       ##     ##  ##   ##  ##       ##
     ######    ##  ########  ######   ########  #########  ######  ######
     ##        ##  ##    ##  ##       ##     ## ##     ##       ## ##
     ##       #### ##     ## ######## ########  ##     ##  ######  ########

You're about to initialize a Firebase project in this directory:

  /Users/sofiecrillesen/Desktop/2sempentia

Before we get started, keep in mind:

  * You are initializing within an existing Firebase project directory

[info] 
=== Project Setup
[info] 
[info] First, let's associate this project directory with a Firebase project.
[info] You can create multiple project aliases by running firebase use --add, 
[info] 
[debug] [2026-04-10T09:08:53.668Z] > command requires scopes: ["email","openid","https://www.googleapis.com/auth/cloudplatformprojects.readonly","https://www.googleapis.com/auth/firebase","https://www.googleapis.com/auth/cloud-platform"]
[debug] [2026-04-10T09:08:53.669Z] > authorizing via signed-in user (sofiemcrille@gmail.com)
[debug] [2026-04-10T09:08:53.669Z] Checked if tokens are valid: true, expires at: 1775815403485
[debug] [2026-04-10T09:08:53.669Z] Checked if tokens are valid: true, expires at: 1775815403485
[debug] [2026-04-10T09:08:53.670Z] >>> [apiv2][query] GET https://firebase.googleapis.com/v1beta1/projects/pentia-webdev [none]
[debug] [2026-04-10T09:08:54.644Z] <<< [apiv2][status] GET https://firebase.googleapis.com/v1beta1/projects/pentia-webdev 200
[debug] [2026-04-10T09:08:54.644Z] <<< [apiv2][body] GET https://firebase.googleapis.com/v1beta1/projects/pentia-webdev {"projectId":"pentia-webdev","projectNumber":"159534191107","displayName":"pentia-webdev","name":"projects/pentia-webdev","resources":{"hostingSite":"pentia-webdev"},"state":"ACTIVE","etag":"1_e6fc3802-90e2-4e42-815a-b837065d942b"}
[info] i  Using project pentia-webdev (pentia-webdev) . 
[info] 
=== Hosting Setup
[debug] [2026-04-10T09:08:57.192Z] Error [ERR_REQUIRE_ESM]: require() of ES Module /Users/sofiecrillesen/Desktop/2sempentia/node_modules/vite/dist/node/index.js from /usr/local/lib/node_modules/firebase-tools/lib/frameworks/utils.js not supported.
Instead change the require of index.js in /usr/local/lib/node_modules/firebase-tools/lib/frameworks/utils.js to a dynamic import() which is available in all CommonJS modules.
    at relativeRequire (/usr/local/lib/node_modules/firebase-tools/lib/frameworks/utils.js:224:20)
    at async getConfig (/usr/local/lib/node_modules/firebase-tools/lib/frameworks/vite/index.js:112:31)
    at async discover (/usr/local/lib/node_modules/firebase-tools/lib/frameworks/vite/index.js:65:62)
    at async /usr/local/lib/node_modules/firebase-tools/lib/frameworks/vite/index.js:44:55
    at async discover (/usr/local/lib/node_modules/firebase-tools/lib/frameworks/index.js:50:32)
[error] 
[error] Error: An unexpected error has occurred.
